<?xml version="1.0" encoding="UTF-8"?>
<!-- Generated by org.testng.reporters.JUnitReportReporter -->
<testsuite skipped="0" hostname="LAPTOP-B1VDJO44" name="Tests.DownloadFileConcept" tests="1" failures="0" timestamp="13 Jun 2020 18:01:46 GMT" time="80.852" errors="0">
  <testcase name="downloadFileTest" time="80.852" classname="Tests.DownloadFileConcept"/>
</testsuite> <!-- Tests.DownloadFileConcept -->
